2025-11-08 08:59:14 +00:00: Traceback (most recent call last):
2025-11-08 08:59:14 +00:00:   File "/root/dflow-txns-alert/Dflow_Transactions.py", line 179, in <module>
2025-11-08 08:59:14 +00:00:     main()
2025-11-08 08:59:14 +00:00:   File "/root/dflow-txns-alert/Dflow_Transactions.py", line 174, in main
2025-11-08 08:59:14 +00:00:     send_telegram(f"ℹ️ <b>{state}</b>\n{base}")
2025-11-08 08:59:14 +00:00:   File "/root/dflow-txns-alert/Dflow_Transactions.py", line 84, in send_telegram
2025-11-08 08:59:14 +00:00: r = requests.post(url, json=payload, timeout=10)
2025-11-08 08:59:14 +00:00: ^^^^^^^^^^^^^^^^^^^^^^^^^
2025-11-08 08:59:14 +00:00: ^
2025-11-08 08:59:14 +00:00:   File "/usr/lib/python3/dist-packages/requests/api.py", line 115, in post
2025-11-08 08:59:14 +00:00:     return request("post", url, data=data, json=json, **kwargs)
2025-11-08 08:59:14 +00:00:            ^^
2025-11-08 08:59:14 +00:00: ^^^^^^^^^^^^^^^^^^^^^^^^
2025-11-08 08:59:14 +00:00: ^^^^^^^^^^^^^^^^^^^^^^^^^^
2025-11-08 08:59:14 +00:00:   File "/usr/lib/python3/dist-packages/requests/api.py", line 59, in request
2025-11-08 08:59:14 +00:00:     return session.request(method=method, url=url, **kwargs)
2025-11-08 08:59:14 +00:00:            ^^^^
2025-11-08 08:59:14 +00:00: ^^^^^^^^^^^^^^^^^^^^^^^^^^^
2025-11-08 08:59:14 +00:00: ^^^^^^^^^^^^^^^^^^
2025-11-08 08:59:14 +00:00:   File "/usr/lib/python3/dist-packages/requests/sessions.py", line 589, in request
2025-11-08 08:59:14 +00:00:     resp = self.send(prep, **send_kwargs)
2025-11-08 08:59:14 +00:00:            ^^^^^^^^^^^^^^^^^^^^^^^^^^^^^^
2025-11-08 08:59:14 +00:00:   File "/usr/lib/python3/dist-packages/requests/sessions.py", line 703, in send
2025-11-08 08:59:14 +00:00:     r = adapter.send(request, **kwargs)
2025-11-08 08:59:14 +00:00:         ^^^^^^^^^^^^^^^^^^^^^^^^^^^^^^^
2025-11-08 08:59:14 +00:00:   File "/usr/lib/python3/dist-packages/requests/adapters.py", line 486, in send
2025-11-08 08:59:14 +00:00:     resp = conn.urlopen(
2025-11-08 08:59:14 +00:00:  ^^^^^^^^^^^^^
2025-11-08 08:59:14 +00:00:   File "/usr/lib/python3/dist-packages/urllib3/connectionpool.py", line 791, in urlopen
2025-11-08 08:59:14 +00:00:     response = self._make_request(
2025-11-08 08:59:14 +00:00:                ^^^^^^^^^^^^^^^^
2025-11-08 08:59:14 +00:00: ^^^
2025-11-08 08:59:14 +00:00:   File "/usr/lib/python3/dist-packages/urllib3/connectionpool.py", line 537, in _make_request
2025-11-08 08:59:14 +00:00:     response = conn.getresponse()
2025-11-08 08:59:14 +00:00:                ^^^^
2025-11-08 08:59:14 +00:00: ^^^^^^^^^^^^^^
2025-11-08 08:59:14 +00:00:   File "/usr/lib/python3/dist-packages/urllib3/connection.py", line 461, in getresponse
2025-11-08 08:59:14 +00:00:     httplib_response = super().getresponse()
2025-11-08 08:59:14 +00:00:                        ^^^^^^^^^^^^^^^^^^^^^
2025-11-08 08:59:14 +00:00: 
2025-11-08 08:59:14 +00:00:   File "/usr/lib/python3.12/http/client.py", line 1428, in getresponse
2025-11-08 08:59:14 +00:00:     response.begin()
2025-11-08 08:59:14 +00:00:   File "/usr/lib/python3.12/http/client.py", line 331, in begin
2025-11-08 08:59:14 +00:00:     version, status, reason = self._read_status()
2025-11-08 08:59:14 +00:00:                               ^^^^^^^^^^^^^^^^^^^
2025-11-08 08:59:14 +00:00:   File "/usr/lib/python3.12/http/client.py", line 292, in _read_status
2025-11-08 08:59:14 +00:00:     line = str(self.fp.readline(_MAXLINE + 1), "iso-8859-1")
2025-11-08 08:59:14 +00:00:                ^^^^^^^^^^^^^^^^^^^^^^^^^^^^^^
2025-11-08 08:59:14 +00:00:   File "/usr/lib/python3.12/socket.py", line 707, in readinto
2025-11-08 08:59:14 +00:00:     return self._sock.recv_into(b)
2025-11-08 08:59:14 +00:00: ^^^^^^^^^^^^^
2025-11-08 08:59:14 +00:00:   File "/usr/lib/python3.12/ssl.py", line 1252, in recv_into
2025-11-08 08:59:14 +00:00:     return self.read(nbytes, buffer)
2025-11-08 08:59:14 +00:00:            ^^^^^^^^^^^^^^^^^^^^^^^^^
2025-11-08 08:59:14 +00:00:   File "/usr/lib/python3.12/ssl.py", line 1104, in read
2025-11-08 08:59:14 +00:00:     return self._sslobj.read(len, buffer)
2025-11-08 08:59:14 +00:00:            ^^^^^^^^^^^^^^^^^^^^^^^^^^^^^^
2025-11-08 08:59:14 +00:00: KeyboardInterrupt
2025-11-08 09:00:12 +00:00: Traceback (most recent call last):
2025-11-08 09:00:12 +00:00:   File "/root/dflow-txns-alert/Dflow_Transactions.py", line 179, in <module>
2025-11-08 09:00:12 +00:00:     main()
2025-11-08 09:00:12 +00:00:   File "/root/dflow-txns-alert/Dflow_Transactions.py", line 174, in main
2025-11-08 09:00:12 +00:00:     send_telegram(f"ℹ️ <b>{state}</b>\n{base}")
2025-11-08 09:00:12 +00:00:   File "/root/dflow-txns-alert/Dflow_Transactions.py", line 84, in send_telegram
2025-11-08 09:00:12 +00:00:     r = requests.post(url, json=payload, timeout=10)
2025-11-08 09:00:12 +00:00:        ^^^^^^^^^^^^^^^^^^^^^^^^^^^^^^^^^^^^^^^^^
2025-11-08 09:00:12 +00:00: ^^^
2025-11-08 09:00:12 +00:00:   File "/usr/lib/python3/dist-packages/requests/api.py", line 115, in post
2025-11-08 09:00:12 +00:00:     return request("post", url, data=data, json=json, **kwargs)
2025-11-08 09:00:12 +00:00:     ^^^^^^^^^^^^^^^^^^^^
2025-11-08 09:00:12 +00:00: ^^^^^^^^^^^^^^^^^^^^^^^^^^^^^^^
2025-11-08 09:00:12 +00:00: ^
2025-11-08 09:00:12 +00:00:   File "/usr/lib/python3/dist-packages/requests/api.py", line 59, in request
2025-11-08 09:00:12 +00:00:     return session.request(method=method, url=url, **kwargs)
2025-11-08 09:00:12 +00:00: ^^^^^^^^^^^^^^^^^^^^^^^
2025-11-08 09:00:12 +00:00: ^^^^^^^^^^^^^^^^^^^
2025-11-08 09:00:12 +00:00:   File "/usr/lib/python3/dist-packages/requests/sessions.py", line 589, in request
2025-11-08 09:00:12 +00:00:     resp = self.send(prep, **send_kwargs)
2025-11-08 09:00:12 +00:00:            ^^^^^^^^^^^^^^^
2025-11-08 09:00:12 +00:00: ^^^^^^^^^^^^^^^
2025-11-08 09:00:12 +00:00:   File "/usr/lib/python3/dist-packages/requests/sessions.py", line 703, in send
2025-11-08 09:00:12 +00:00:     r = adapter.send(request, **kwargs)
2025-11-08 09:00:12 +00:00:         ^^^^^^^^^^^^^^^^^^^^^^^^
2025-11-08 09:00:12 +00:00: ^^^^^^^
2025-11-08 09:00:12 +00:00:   File "/usr/lib/python3/dist-packages/requests/adapters.py", line 486, in send
2025-11-08 09:00:12 +00:00:     resp = conn.urlopen(
2025-11-08 09:00:12 +00:00:            ^^^^^^^^^^^^^
2025-11-08 09:00:12 +00:00:   File "/usr/lib/python3/dist-packages/urllib3/connectionpool.py", line 791, in urlopen
2025-11-08 09:00:12 +00:00:     response = self._make_request(
2025-11-08 09:00:12 +00:00:               ^^^^^^^^^^^^^^^^^^^
2025-11-08 09:00:12 +00:00: 
2025-11-08 09:00:12 +00:00:   File "/usr/lib/python3/dist-packages/urllib3/connectionpool.py", line 468, in _make_request
2025-11-08 09:00:12 +00:00:     self._validate_conn(conn)
2025-11-08 09:00:12 +00:00:   File "/usr/lib/python3/dist-packages/urllib3/connectionpool.py", line 1097, in _validate_conn
2025-11-08 09:00:12 +00:00:     conn.connect()
2025-11-08 09:00:12 +00:00:   File "/usr/lib/python3/dist-packages/urllib3/connection.py", line 642, in connect
2025-11-08 09:00:12 +00:00:     sock_and_verified = _ssl_wrap_socket_and_match_hostname(
2025-11-08 09:00:12 +00:00: ^^^^^^^^^^^^^^^
2025-11-08 09:00:12 +00:00:   File "/usr/lib/python3/dist-packages/urllib3/connection.py", line 783, in _ssl_wrap_socket_and_match_hostname
2025-11-08 09:00:12 +00:00: ssl_sock = ssl_wrap_socket(
2025-11-08 09:00:12 +00:00:                ^^^^^^^^^^^^^^^^
2025-11-08 09:00:12 +00:00:   File "/usr/lib/python3/dist-packages/urllib3/util/ssl_.py", line 471, in ssl_wrap_socket
2025-11-08 09:00:12 +00:00:     ssl_sock = _ssl_wrap_socket_impl(sock, context, tls_in_tls, server_hostname)
2025-11-08 09:00:12 +00:00:                ^^^^^^^^^^^
2025-11-08 09:00:12 +00:00: ^^^^^^^^^^^^^^^^^^^^^^^
2025-11-08 09:00:12 +00:00: ^^^^^^^^^^^^^^^^^^^^^^^^^^^^
2025-11-08 09:00:12 +00:00: ^^^
2025-11-08 09:00:12 +00:00:   File "/usr/lib/python3/dist-packages/urllib3/util/ssl_.py", line 515, in _ssl_wrap_socket_impl
2025-11-08 09:00:12 +00:00:     return ssl_context.wrap_socket(sock, server_hostname=server_hostname)
2025-11-08 09:00:12 +00:00:            ^^^^^^^^^^
2025-11-08 09:00:12 +00:00: ^^^^^^^^^^^^^^^^^^^^^^^^
2025-11-08 09:00:12 +00:00: ^^^^^^^^^^^^^^^^^^^^^^^^^^^
2025-11-08 09:00:12 +00:00: ^
2025-11-08 09:00:12 +00:00:   File "/usr/lib/python3.12/ssl.py", line 455, in wrap_socket
2025-11-08 09:00:12 +00:00:     return self.sslsocket_class._create(
2025-11-08 09:00:12 +00:00:           ^^^^^^^^^^^^^^^^^^^^^^
2025-11-08 09:00:12 +00:00: ^^^^^^^
2025-11-08 09:00:12 +00:00:   File "/usr/lib/python3.12/ssl.py", line 1042, in _create
2025-11-08 09:00:12 +00:00:     self.do_handshake()
2025-11-08 09:00:12 +00:00:   File "/usr/lib/python3.12/ssl.py", line 1320, in do_handshake
2025-11-08 09:00:12 +00:00:     self._sslobj.do_handshake()
2025-11-08 09:00:12 +00:00: KeyboardInterrupt
