2025-11-08 08:07:41 +00:00: DBG URL: https://dflow.topledger.xyz/transactions?wallet=8fdkaKYrnpfdyZ2gQkWF5vZxuhy1E2co8CibRiYuQhfm
2025-11-08 08:07:41 +00:00: DBG STATUS: 200
2025-11-08 08:07:41 +00:00: Telegram error: 404 {"ok":false,"error_code":404,"description":"Not Found"}
2025-11-08 08:08:38 +00:00: DBG URL: https://dflow.topledger.xyz/transactions?wallet=8fdkaKYrnpfdyZ2gQkWF5vZxuhy1E2co8CibRiYuQhfm
2025-11-08 08:08:38 +00:00: DBG STATUS: 200
2025-11-08 08:08:57 +00:00: DBG URL: https://dflow.topledger.xyz/transactions?wallet=8fdkaKYrnpfdyZ2gQkWF5vZxuhy1E2co8CibRiYuQhfm
2025-11-08 08:08:57 +00:00: DBG STATUS: 200
2025-11-08 08:10:00 +00:00: DBG URL: https://dflow.topledger.xyz/transactions?wallet=8fdkaKYrnpfdyZ2gQkWF5vZxuhy1E2co8CibRiYuQhfm
2025-11-08 08:10:00 +00:00: DBG STATUS: 200
2025-11-08 08:15:00 +00:00: DBG URL: https://dflow.topledger.xyz/transactions?wallet=8fdkaKYrnpfdyZ2gQkWF5vZxuhy1E2co8CibRiYuQhfm
2025-11-08 08:15:00 +00:00: DBG STATUS: 200
2025-11-08 08:20:00 +00:00: DBG URL: https://dflow.topledger.xyz/transactions?wallet=8fdkaKYrnpfdyZ2gQkWF5vZxuhy1E2co8CibRiYuQhfm
2025-11-08 08:20:00 +00:00: DBG STATUS: 200
2025-11-08 08:25:00 +00:00: DBG URL: https://dflow.topledger.xyz/transactions?wallet=8fdkaKYrnpfdyZ2gQkWF5vZxuhy1E2co8CibRiYuQhfm
2025-11-08 08:25:00 +00:00: DBG STATUS: 200
2025-11-08 08:30:00 +00:00: DBG URL: https://dflow.topledger.xyz/transactions?wallet=8fdkaKYrnpfdyZ2gQkWF5vZxuhy1E2co8CibRiYuQhfm
2025-11-08 08:30:00 +00:00: DBG STATUS: 200
2025-11-08 08:30:59 +00:00: DBG URL: https://dflow.topledger.xyz/transactions?wallet=8fdkaKYrnpfdyZ2gQkWF5vZxuhy1E2co8CibRiYuQhfm
2025-11-08 08:30:59 +00:00: DBG STATUS: 200
2025-11-08 08:35:00 +00:00: DBG URL: https://dflow.topledger.xyz/transactions?wallet=8fdkaKYrnpfdyZ2gQkWF5vZxuhy1E2co8CibRiYuQhfm
2025-11-08 08:35:00 +00:00: DBG STATUS: 200
2025-11-08 08:40:00 +00:00: DBG URL: https://dflow.topledger.xyz/transactions?wallet=8fdkaKYrnpfdyZ2gQkWF5vZxuhy1E2co8CibRiYuQhfm
2025-11-08 08:40:00 +00:00: DBG STATUS: 200
2025-11-08 08:44:53 +00:00: DBG URL: https://dflow.topledger.xyz/transactions?wallet=8fdkaKYrnpfdyZ2gQkWF5vZxuhy1E2co8CibRiYuQhfm
2025-11-08 08:44:53 +00:00: DBG STATUS: 200
2025-11-08 08:45:00 +00:00: DBG URL: https://dflow.topledger.xyz/transactions?wallet=8fdkaKYrnpfdyZ2gQkWF5vZxuhy1E2co8CibRiYuQhfm
2025-11-08 08:45:00 +00:00: DBG STATUS: 200
2025-11-08 08:47:16 +00:00: DBG URL: https://dflow.topledger.xyz/transactions?wallet=8fdkaKYrnpfdyZ2gQkWF5vZxuhy1E2co8CibRiYuQhfm
2025-11-08 08:47:16 +00:00: DBG STATUS: 200
2025-11-08 08:47:29 +00:00: DBG URL: https://dflow.topledger.xyz/transactions?wallet=8fdkaKYrnpfdyZ2gQkWF5vZxuhy1E2co8CibRiYuQhfm
2025-11-08 08:47:29 +00:00: DBG STATUS: 200
2025-11-08 08:47:51 +00:00: DBG URL: https://dflow.topledger.xyz/transactions?wallet=8fdkaKYrnpfdyZ2gQkWF5vZxuhy1E2co8CibRiYuQhfm
2025-11-08 08:47:51 +00:00: DBG STATUS: 200
2025-11-08 08:49:32 +00:00: DBG URL: https://dflow.topledger.xyz/transactions?wallet=8fdkaKYrnpfdyZ2gQkWF5vZxuhy1E2co8CibRiYuQhfm
2025-11-08 08:49:32 +00:00: DBG STATUS: 200
2025-11-08 08:50:00 +00:00: DBG URL: https://dflow.topledger.xyz/transactions?wallet=8fdkaKYrnpfdyZ2gQkWF5vZxuhy1E2co8CibRiYuQhfm
2025-11-08 08:50:00 +00:00: DBG STATUS: 200
2025-11-08 08:51:10 +00:00: DBG URL: https://dflow.topledger.xyz/transactions?wallet=8fdkaKYrnpfdyZ2gQkWF5vZxuhy1E2co8CibRiYuQhfm
2025-11-08 08:51:10 +00:00: DBG STATUS: 200
2025-11-08 08:51:11 +00:00: Telegram error: 404 {"ok":false,"error_code":404,"description":"Not Found"}
2025-11-08 08:51:11 +00:00: DBG URL: https://dflow.topledger.xyz/transactions?wallet=8fdkaKYrnpfdyZ2gQkWF5vZxuhy1E2co8CibRiYuQhfm
2025-11-08 08:51:11 +00:00: DBG STATUS: 200
2025-11-08 08:51:12 +00:00: Telegram error: 404 {"ok":false,"error_code":404,"description":"Not Found"}
2025-11-08 08:51:12 +00:00: DBG URL: https://dflow.topledger.xyz/transactions?wallet=8fdkaKYrnpfdyZ2gQkWF5vZxuhy1E2co8CibRiYuQhfm
2025-11-08 08:51:12 +00:00: DBG STATUS: 200
2025-11-08 08:51:12 +00:00: Telegram error: 404 {"ok":false,"error_code":404,"description":"Not Found"}
2025-11-08 08:51:13 +00:00: DBG URL: https://dflow.topledger.xyz/transactions?wallet=8fdkaKYrnpfdyZ2gQkWF5vZxuhy1E2co8CibRiYuQhfm
2025-11-08 08:51:13 +00:00: DBG STATUS: 200
2025-11-08 08:51:13 +00:00: Telegram error: 404 {"ok":false,"error_code":404,"description":"Not Found"}
2025-11-08 08:51:14 +00:00: DBG URL: https://dflow.topledger.xyz/transactions?wallet=8fdkaKYrnpfdyZ2gQkWF5vZxuhy1E2co8CibRiYuQhfm
2025-11-08 08:51:14 +00:00: DBG STATUS: 200
2025-11-08 08:51:14 +00:00: Telegram error: 404 {"ok":false,"error_code":404,"description":"Not Found"}
2025-11-08 08:51:15 +00:00: DBG URL: https://dflow.topledger.xyz/transactions?wallet=8fdkaKYrnpfdyZ2gQkWF5vZxuhy1E2co8CibRiYuQhfm
2025-11-08 08:51:15 +00:00: DBG STATUS: 200
2025-11-08 08:51:15 +00:00: Telegram error: 404 {"ok":false,"error_code":404,"description":"Not Found"}
2025-11-08 08:51:15 +00:00: DBG URL: https://dflow.topledger.xyz/transactions?wallet=8fdkaKYrnpfdyZ2gQkWF5vZxuhy1E2co8CibRiYuQhfm
2025-11-08 08:51:15 +00:00: DBG STATUS: 200
2025-11-08 08:51:16 +00:00: Telegram error: 404 {"ok":false,"error_code":404,"description":"Not Found"}
2025-11-08 08:51:16 +00:00: DBG URL: https://dflow.topledger.xyz/transactions?wallet=8fdkaKYrnpfdyZ2gQkWF5vZxuhy1E2co8CibRiYuQhfm
2025-11-08 08:51:16 +00:00: DBG STATUS: 200
2025-11-08 08:51:17 +00:00: Telegram error: 404 {"ok":false,"error_code":404,"description":"Not Found"}
2025-11-08 08:51:17 +00:00: DBG URL: https://dflow.topledger.xyz/transactions?wallet=8fdkaKYrnpfdyZ2gQkWF5vZxuhy1E2co8CibRiYuQhfm
2025-11-08 08:51:17 +00:00: DBG STATUS: 200
2025-11-08 08:51:17 +00:00: Telegram error: 404 {"ok":false,"error_code":404,"description":"Not Found"}
2025-11-08 08:51:18 +00:00: DBG URL: https://dflow.topledger.xyz/transactions?wallet=8fdkaKYrnpfdyZ2gQkWF5vZxuhy1E2co8CibRiYuQhfm
2025-11-08 08:51:18 +00:00: DBG STATUS: 200
2025-11-08 08:51:18 +00:00: Telegram error: 404 {"ok":false,"error_code":404,"description":"Not Found"}
2025-11-08 08:51:19 +00:00: DBG URL: https://dflow.topledger.xyz/transactions?wallet=8fdkaKYrnpfdyZ2gQkWF5vZxuhy1E2co8CibRiYuQhfm
2025-11-08 08:51:19 +00:00: DBG STATUS: 200
2025-11-08 08:51:19 +00:00: Telegram error: 404 {"ok":false,"error_code":404,"description":"Not Found"}
2025-11-08 08:51:20 +00:00: DBG URL: https://dflow.topledger.xyz/transactions?wallet=8fdkaKYrnpfdyZ2gQkWF5vZxuhy1E2co8CibRiYuQhfm
2025-11-08 08:51:20 +00:00: DBG STATUS: 200
2025-11-08 08:51:20 +00:00: Telegram error: 404 {"ok":false,"error_code":404,"description":"Not Found"}
2025-11-08 08:51:21 +00:00: DBG URL: https://dflow.topledger.xyz/transactions?wallet=8fdkaKYrnpfdyZ2gQkWF5vZxuhy1E2co8CibRiYuQhfm
2025-11-08 08:51:21 +00:00: DBG STATUS: 200
2025-11-08 08:51:21 +00:00: Telegram error: 404 {"ok":false,"error_code":404,"description":"Not Found"}
2025-11-08 08:51:21 +00:00: DBG URL: https://dflow.topledger.xyz/transactions?wallet=8fdkaKYrnpfdyZ2gQkWF5vZxuhy1E2co8CibRiYuQhfm
2025-11-08 08:51:21 +00:00: DBG STATUS: 200
2025-11-08 08:51:22 +00:00: Telegram error: 404 {"ok":false,"error_code":404,"description":"Not Found"}
2025-11-08 08:51:22 +00:00: DBG URL: https://dflow.topledger.xyz/transactions?wallet=8fdkaKYrnpfdyZ2gQkWF5vZxuhy1E2co8CibRiYuQhfm
2025-11-08 08:51:22 +00:00: DBG STATUS: 200
2025-11-08 08:51:23 +00:00: Telegram error: 404 {"ok":false,"error_code":404,"description":"Not Found"}
2025-11-08 08:51:23 +00:00: DBG URL: https://dflow.topledger.xyz/transactions?wallet=8fdkaKYrnpfdyZ2gQkWF5vZxuhy1E2co8CibRiYuQhfm
2025-11-08 08:51:23 +00:00: DBG STATUS: 200
2025-11-08 08:51:23 +00:00: Telegram error: 404 {"ok":false,"error_code":404,"description":"Not Found"}
2025-11-08 08:53:19 +00:00: DBG URL: https://dflow.topledger.xyz/transactions?wallet=8fdkaKYrnpfdyZ2gQkWF5vZxuhy1E2co8CibRiYuQhfm
2025-11-08 08:53:19 +00:00: DBG STATUS: 200
2025-11-08 08:53:19 +00:00: Telegram error: 404 {"ok":false,"error_code":404,"description":"Not Found"}
2025-11-08 08:53:20 +00:00: DBG URL: https://dflow.topledger.xyz/transactions?wallet=8fdkaKYrnpfdyZ2gQkWF5vZxuhy1E2co8CibRiYuQhfm
2025-11-08 08:53:20 +00:00: DBG STATUS: 200
2025-11-08 08:53:20 +00:00: Telegram error: 404 {"ok":false,"error_code":404,"description":"Not Found"}
2025-11-08 08:53:20 +00:00: DBG URL: https://dflow.topledger.xyz/transactions?wallet=8fdkaKYrnpfdyZ2gQkWF5vZxuhy1E2co8CibRiYuQhfm
2025-11-08 08:53:20 +00:00: DBG STATUS: 200
2025-11-08 08:53:21 +00:00: Telegram error: 404 {"ok":false,"error_code":404,"description":"Not Found"}
2025-11-08 08:53:21 +00:00: DBG URL: https://dflow.topledger.xyz/transactions?wallet=8fdkaKYrnpfdyZ2gQkWF5vZxuhy1E2co8CibRiYuQhfm
2025-11-08 08:53:21 +00:00: DBG STATUS: 200
2025-11-08 08:53:22 +00:00: Telegram error: 404 {"ok":false,"error_code":404,"description":"Not Found"}
2025-11-08 08:53:22 +00:00: DBG URL: https://dflow.topledger.xyz/transactions?wallet=8fdkaKYrnpfdyZ2gQkWF5vZxuhy1E2co8CibRiYuQhfm
2025-11-08 08:53:22 +00:00: DBG STATUS: 200
2025-11-08 08:53:23 +00:00: Telegram error: 404 {"ok":false,"error_code":404,"description":"Not Found"}
2025-11-08 08:53:23 +00:00: DBG URL: https://dflow.topledger.xyz/transactions?wallet=8fdkaKYrnpfdyZ2gQkWF5vZxuhy1E2co8CibRiYuQhfm
2025-11-08 08:53:23 +00:00: DBG STATUS: 200
2025-11-08 08:53:23 +00:00: Telegram error: 404 {"ok":false,"error_code":404,"description":"Not Found"}
2025-11-08 08:53:24 +00:00: DBG URL: https://dflow.topledger.xyz/transactions?wallet=8fdkaKYrnpfdyZ2gQkWF5vZxuhy1E2co8CibRiYuQhfm
2025-11-08 08:53:24 +00:00: DBG STATUS: 200
2025-11-08 08:53:24 +00:00: Telegram error: 404 {"ok":false,"error_code":404,"description":"Not Found"}
2025-11-08 08:53:25 +00:00: DBG URL: https://dflow.topledger.xyz/transactions?wallet=8fdkaKYrnpfdyZ2gQkWF5vZxuhy1E2co8CibRiYuQhfm
2025-11-08 08:53:25 +00:00: DBG STATUS: 200
2025-11-08 08:53:25 +00:00: Telegram error: 404 {"ok":false,"error_code":404,"description":"Not Found"}
2025-11-08 08:53:25 +00:00: DBG URL: https://dflow.topledger.xyz/transactions?wallet=8fdkaKYrnpfdyZ2gQkWF5vZxuhy1E2co8CibRiYuQhfm
2025-11-08 08:53:25 +00:00: DBG STATUS: 200
2025-11-08 08:53:26 +00:00: Telegram error: 404 {"ok":false,"error_code":404,"description":"Not Found"}
2025-11-08 08:53:26 +00:00: DBG URL: https://dflow.topledger.xyz/transactions?wallet=8fdkaKYrnpfdyZ2gQkWF5vZxuhy1E2co8CibRiYuQhfm
2025-11-08 08:53:26 +00:00: DBG STATUS: 200
2025-11-08 08:53:27 +00:00: Telegram error: 404 {"ok":false,"error_code":404,"description":"Not Found"}
2025-11-08 08:53:27 +00:00: DBG URL: https://dflow.topledger.xyz/transactions?wallet=8fdkaKYrnpfdyZ2gQkWF5vZxuhy1E2co8CibRiYuQhfm
2025-11-08 08:53:27 +00:00: DBG STATUS: 200
2025-11-08 08:53:27 +00:00: Telegram error: 404 {"ok":false,"error_code":404,"description":"Not Found"}
2025-11-08 08:53:28 +00:00: DBG URL: https://dflow.topledger.xyz/transactions?wallet=8fdkaKYrnpfdyZ2gQkWF5vZxuhy1E2co8CibRiYuQhfm
2025-11-08 08:53:28 +00:00: DBG STATUS: 200
2025-11-08 08:53:28 +00:00: Telegram error: 404 {"ok":false,"error_code":404,"description":"Not Found"}
2025-11-08 08:53:29 +00:00: DBG URL: https://dflow.topledger.xyz/transactions?wallet=8fdkaKYrnpfdyZ2gQkWF5vZxuhy1E2co8CibRiYuQhfm
2025-11-08 08:53:29 +00:00: DBG STATUS: 200
2025-11-08 08:53:29 +00:00: Telegram error: 404 {"ok":false,"error_code":404,"description":"Not Found"}
2025-11-08 08:53:30 +00:00: DBG URL: https://dflow.topledger.xyz/transactions?wallet=8fdkaKYrnpfdyZ2gQkWF5vZxuhy1E2co8CibRiYuQhfm
2025-11-08 08:53:30 +00:00: DBG STATUS: 200
2025-11-08 08:53:30 +00:00: Telegram error: 404 {"ok":false,"error_code":404,"description":"Not Found"}
2025-11-08 08:53:30 +00:00: DBG URL: https://dflow.topledger.xyz/transactions?wallet=8fdkaKYrnpfdyZ2gQkWF5vZxuhy1E2co8CibRiYuQhfm
2025-11-08 08:53:30 +00:00: DBG STATUS: 200
2025-11-08 08:53:31 +00:00: Telegram error: 404 {"ok":false,"error_code":404,"description":"Not Found"}
2025-11-08 08:53:31 +00:00: DBG URL: https://dflow.topledger.xyz/transactions?wallet=8fdkaKYrnpfdyZ2gQkWF5vZxuhy1E2co8CibRiYuQhfm
2025-11-08 08:53:31 +00:00: DBG STATUS: 200
2025-11-08 08:53:32 +00:00: Telegram error: 404 {"ok":false,"error_code":404,"description":"Not Found"}
2025-11-08 08:54:34 +00:00: DBG URL: https://dflow.topledger.xyz/transactions?wallet=8fdkaKYrnpfdyZ2gQkWF5vZxuhy1E2co8CibRiYuQhfm
2025-11-08 08:54:34 +00:00: DBG STATUS: 200
2025-11-08 08:54:35 +00:00: Telegram error: 404 {"ok":false,"error_code":404,"description":"Not Found"}
2025-11-08 08:54:35 +00:00: DBG URL: https://dflow.topledger.xyz/transactions?wallet=8fdkaKYrnpfdyZ2gQkWF5vZxuhy1E2co8CibRiYuQhfm
2025-11-08 08:54:35 +00:00: DBG STATUS: 200
2025-11-08 08:54:35 +00:00: Telegram error: 404 {"ok":false,"error_code":404,"description":"Not Found"}
2025-11-08 08:54:36 +00:00: DBG URL: https://dflow.topledger.xyz/transactions?wallet=8fdkaKYrnpfdyZ2gQkWF5vZxuhy1E2co8CibRiYuQhfm
2025-11-08 08:54:36 +00:00: DBG STATUS: 200
2025-11-08 08:54:36 +00:00: Telegram error: 404 {"ok":false,"error_code":404,"description":"Not Found"}
2025-11-08 08:54:37 +00:00: DBG URL: https://dflow.topledger.xyz/transactions?wallet=8fdkaKYrnpfdyZ2gQkWF5vZxuhy1E2co8CibRiYuQhfm
2025-11-08 08:54:37 +00:00: DBG STATUS: 200
2025-11-08 08:54:37 +00:00: Telegram error: 404 {"ok":false,"error_code":404,"description":"Not Found"}
2025-11-08 08:54:37 +00:00: DBG URL: https://dflow.topledger.xyz/transactions?wallet=8fdkaKYrnpfdyZ2gQkWF5vZxuhy1E2co8CibRiYuQhfm
2025-11-08 08:54:37 +00:00: DBG STATUS: 200
2025-11-08 08:54:38 +00:00: Telegram error: 404 {"ok":false,"error_code":404,"description":"Not Found"}
2025-11-08 08:54:38 +00:00: DBG URL: https://dflow.topledger.xyz/transactions?wallet=8fdkaKYrnpfdyZ2gQkWF5vZxuhy1E2co8CibRiYuQhfm
2025-11-08 08:54:38 +00:00: DBG STATUS: 200
2025-11-08 08:54:39 +00:00: Telegram error: 404 {"ok":false,"error_code":404,"description":"Not Found"}
2025-11-08 08:54:39 +00:00: DBG URL: https://dflow.topledger.xyz/transactions?wallet=8fdkaKYrnpfdyZ2gQkWF5vZxuhy1E2co8CibRiYuQhfm
2025-11-08 08:54:39 +00:00: DBG STATUS: 200
2025-11-08 08:54:39 +00:00: Telegram error: 404 {"ok":false,"error_code":404,"description":"Not Found"}
2025-11-08 08:54:40 +00:00: DBG URL: https://dflow.topledger.xyz/transactions?wallet=8fdkaKYrnpfdyZ2gQkWF5vZxuhy1E2co8CibRiYuQhfm
2025-11-08 08:54:40 +00:00: DBG STATUS: 200
2025-11-08 08:54:40 +00:00: Telegram error: 404 {"ok":false,"error_code":404,"description":"Not Found"}
2025-11-08 08:54:41 +00:00: DBG URL: https://dflow.topledger.xyz/transactions?wallet=8fdkaKYrnpfdyZ2gQkWF5vZxuhy1E2co8CibRiYuQhfm
2025-11-08 08:54:41 +00:00: DBG STATUS: 200
2025-11-08 08:54:41 +00:00: Telegram error: 404 {"ok":false,"error_code":404,"description":"Not Found"}
2025-11-08 08:54:42 +00:00: DBG URL: https://dflow.topledger.xyz/transactions?wallet=8fdkaKYrnpfdyZ2gQkWF5vZxuhy1E2co8CibRiYuQhfm
2025-11-08 08:54:42 +00:00: DBG STATUS: 200
2025-11-08 08:54:42 +00:00: Telegram error: 404 {"ok":false,"error_code":404,"description":"Not Found"}
2025-11-08 08:54:42 +00:00: DBG URL: https://dflow.topledger.xyz/transactions?wallet=8fdkaKYrnpfdyZ2gQkWF5vZxuhy1E2co8CibRiYuQhfm
2025-11-08 08:54:42 +00:00: DBG STATUS: 200
2025-11-08 08:54:43 +00:00: Telegram error: 404 {"ok":false,"error_code":404,"description":"Not Found"}
2025-11-08 08:54:43 +00:00: DBG URL: https://dflow.topledger.xyz/transactions?wallet=8fdkaKYrnpfdyZ2gQkWF5vZxuhy1E2co8CibRiYuQhfm
2025-11-08 08:54:43 +00:00: DBG STATUS: 200
2025-11-08 08:54:44 +00:00: Telegram error: 404 {"ok":false,"error_code":404,"description":"Not Found"}
2025-11-08 08:54:44 +00:00: DBG URL: https://dflow.topledger.xyz/transactions?wallet=8fdkaKYrnpfdyZ2gQkWF5vZxuhy1E2co8CibRiYuQhfm
2025-11-08 08:54:44 +00:00: DBG STATUS: 200
2025-11-08 08:54:44 +00:00: Telegram error: 404 {"ok":false,"error_code":404,"description":"Not Found"}
2025-11-08 08:54:45 +00:00: DBG URL: https://dflow.topledger.xyz/transactions?wallet=8fdkaKYrnpfdyZ2gQkWF5vZxuhy1E2co8CibRiYuQhfm
2025-11-08 08:54:45 +00:00: DBG STATUS: 200
2025-11-08 08:54:45 +00:00: Telegram error: 404 {"ok":false,"error_code":404,"description":"Not Found"}
2025-11-08 08:54:46 +00:00: DBG URL: https://dflow.topledger.xyz/transactions?wallet=8fdkaKYrnpfdyZ2gQkWF5vZxuhy1E2co8CibRiYuQhfm
2025-11-08 08:54:46 +00:00: DBG STATUS: 200
2025-11-08 08:54:46 +00:00: Telegram error: 404 {"ok":false,"error_code":404,"description":"Not Found"}
2025-11-08 08:54:47 +00:00: DBG URL: https://dflow.topledger.xyz/transactions?wallet=8fdkaKYrnpfdyZ2gQkWF5vZxuhy1E2co8CibRiYuQhfm
2025-11-08 08:54:47 +00:00: DBG STATUS: 200
2025-11-08 08:54:47 +00:00: Telegram error: 404 {"ok":false,"error_code":404,"description":"Not Found"}
2025-11-08 08:58:25 +00:00: DBG URL: https://dflow.topledger.xyz/transactions?wallet=8fdkaKYrnpfdyZ2gQkWF5vZxuhy1E2co8CibRiYuQhfm
2025-11-08 08:58:25 +00:00: DBG STATUS: 200
2025-11-08 08:58:26 +00:00: Telegram ok
2025-11-08 08:58:26 +00:00: DBG URL: https://dflow.topledger.xyz/transactions?wallet=8fdkaKYrnpfdyZ2gQkWF5vZxuhy1E2co8CibRiYuQhfm
2025-11-08 08:58:26 +00:00: DBG STATUS: 200
2025-11-08 08:58:27 +00:00: Telegram ok
2025-11-08 08:58:27 +00:00: DBG URL: https://dflow.topledger.xyz/transactions?wallet=8fdkaKYrnpfdyZ2gQkWF5vZxuhy1E2co8CibRiYuQhfm
2025-11-08 08:58:27 +00:00: DBG STATUS: 200
2025-11-08 08:58:28 +00:00: Telegram ok
2025-11-08 08:58:28 +00:00: DBG URL: https://dflow.topledger.xyz/transactions?wallet=8fdkaKYrnpfdyZ2gQkWF5vZxuhy1E2co8CibRiYuQhfm
2025-11-08 08:58:28 +00:00: DBG STATUS: 200
2025-11-08 08:58:29 +00:00: Telegram ok
2025-11-08 08:58:29 +00:00: DBG URL: https://dflow.topledger.xyz/transactions?wallet=8fdkaKYrnpfdyZ2gQkWF5vZxuhy1E2co8CibRiYuQhfm
2025-11-08 08:58:29 +00:00: DBG STATUS: 200
2025-11-08 08:58:30 +00:00: Telegram ok
2025-11-08 08:58:31 +00:00: DBG URL: https://dflow.topledger.xyz/transactions?wallet=8fdkaKYrnpfdyZ2gQkWF5vZxuhy1E2co8CibRiYuQhfm
2025-11-08 08:58:31 +00:00: DBG STATUS: 200
2025-11-08 08:58:31 +00:00: Telegram ok
2025-11-08 08:58:32 +00:00: DBG URL: https://dflow.topledger.xyz/transactions?wallet=8fdkaKYrnpfdyZ2gQkWF5vZxuhy1E2co8CibRiYuQhfm
2025-11-08 08:58:32 +00:00: DBG STATUS: 200
2025-11-08 08:58:32 +00:00: Telegram ok
2025-11-08 08:58:33 +00:00: DBG URL: https://dflow.topledger.xyz/transactions?wallet=8fdkaKYrnpfdyZ2gQkWF5vZxuhy1E2co8CibRiYuQhfm
2025-11-08 08:58:33 +00:00: DBG STATUS: 200
2025-11-08 08:58:33 +00:00: Telegram ok
2025-11-08 08:58:34 +00:00: DBG URL: https://dflow.topledger.xyz/transactions?wallet=8fdkaKYrnpfdyZ2gQkWF5vZxuhy1E2co8CibRiYuQhfm
2025-11-08 08:58:34 +00:00: DBG STATUS: 200
2025-11-08 08:58:34 +00:00: Telegram ok
2025-11-08 08:58:35 +00:00: DBG URL: https://dflow.topledger.xyz/transactions?wallet=8fdkaKYrnpfdyZ2gQkWF5vZxuhy1E2co8CibRiYuQhfm
2025-11-08 08:58:35 +00:00: DBG STATUS: 200
2025-11-08 08:58:35 +00:00: Telegram ok
2025-11-08 08:58:36 +00:00: DBG URL: https://dflow.topledger.xyz/transactions?wallet=8fdkaKYrnpfdyZ2gQkWF5vZxuhy1E2co8CibRiYuQhfm
2025-11-08 08:58:36 +00:00: DBG STATUS: 200
2025-11-08 08:58:37 +00:00: Telegram ok
2025-11-08 08:58:37 +00:00: DBG URL: https://dflow.topledger.xyz/transactions?wallet=8fdkaKYrnpfdyZ2gQkWF5vZxuhy1E2co8CibRiYuQhfm
2025-11-08 08:58:37 +00:00: DBG STATUS: 200
2025-11-08 08:58:38 +00:00: Telegram ok
2025-11-08 08:58:38 +00:00: DBG URL: https://dflow.topledger.xyz/transactions?wallet=8fdkaKYrnpfdyZ2gQkWF5vZxuhy1E2co8CibRiYuQhfm
2025-11-08 08:58:38 +00:00: DBG STATUS: 200
2025-11-08 08:58:39 +00:00: Telegram ok
2025-11-08 08:58:39 +00:00: DBG URL: https://dflow.topledger.xyz/transactions?wallet=8fdkaKYrnpfdyZ2gQkWF5vZxuhy1E2co8CibRiYuQhfm
2025-11-08 08:58:39 +00:00: DBG STATUS: 200
2025-11-08 08:58:40 +00:00: Telegram ok
2025-11-08 08:58:40 +00:00: DBG URL: https://dflow.topledger.xyz/transactions?wallet=8fdkaKYrnpfdyZ2gQkWF5vZxuhy1E2co8CibRiYuQhfm
2025-11-08 08:58:40 +00:00: DBG STATUS: 200
2025-11-08 08:58:41 +00:00: Telegram ok
2025-11-08 08:58:41 +00:00: DBG URL: https://dflow.topledger.xyz/transactions?wallet=8fdkaKYrnpfdyZ2gQkWF5vZxuhy1E2co8CibRiYuQhfm
2025-11-08 08:58:41 +00:00: DBG STATUS: 200
2025-11-08 08:58:42 +00:00: Telegram ok
2025-11-08 08:58:42 +00:00: DBG URL: https://dflow.topledger.xyz/transactions?wallet=8fdkaKYrnpfdyZ2gQkWF5vZxuhy1E2co8CibRiYuQhfm
2025-11-08 08:58:42 +00:00: DBG STATUS: 200
2025-11-08 08:58:43 +00:00: Telegram ok
2025-11-08 08:58:43 +00:00: DBG URL: https://dflow.topledger.xyz/transactions?wallet=8fdkaKYrnpfdyZ2gQkWF5vZxuhy1E2co8CibRiYuQhfm
2025-11-08 08:58:43 +00:00: DBG STATUS: 200
2025-11-08 08:58:44 +00:00: Telegram ok
2025-11-08 08:58:45 +00:00: DBG URL: https://dflow.topledger.xyz/transactions?wallet=8fdkaKYrnpfdyZ2gQkWF5vZxuhy1E2co8CibRiYuQhfm
2025-11-08 08:58:45 +00:00: DBG STATUS: 200
2025-11-08 08:58:48 +00:00: Telegram ok
2025-11-08 08:58:49 +00:00: DBG URL: https://dflow.topledger.xyz/transactions?wallet=8fdkaKYrnpfdyZ2gQkWF5vZxuhy1E2co8CibRiYuQhfm
2025-11-08 08:58:49 +00:00: DBG STATUS: 200
2025-11-08 08:58:49 +00:00: Telegram ok
2025-11-08 08:58:50 +00:00: DBG URL: https://dflow.topledger.xyz/transactions?wallet=8fdkaKYrnpfdyZ2gQkWF5vZxuhy1E2co8CibRiYuQhfm
2025-11-08 08:58:50 +00:00: DBG STATUS: 200
2025-11-08 08:58:50 +00:00: Telegram ok
2025-11-08 08:58:51 +00:00: DBG URL: https://dflow.topledger.xyz/transactions?wallet=8fdkaKYrnpfdyZ2gQkWF5vZxuhy1E2co8CibRiYuQhfm
2025-11-08 08:58:51 +00:00: DBG STATUS: 200
2025-11-08 08:58:51 +00:00: Telegram ok
2025-11-08 08:58:52 +00:00: DBG URL: https://dflow.topledger.xyz/transactions?wallet=8fdkaKYrnpfdyZ2gQkWF5vZxuhy1E2co8CibRiYuQhfm
2025-11-08 08:58:52 +00:00: DBG STATUS: 200
2025-11-08 08:58:53 +00:00: Telegram ok
2025-11-08 08:58:53 +00:00: DBG URL: https://dflow.topledger.xyz/transactions?wallet=8fdkaKYrnpfdyZ2gQkWF5vZxuhy1E2co8CibRiYuQhfm
2025-11-08 08:58:53 +00:00: DBG STATUS: 200
2025-11-08 08:58:54 +00:00: Telegram ok
2025-11-08 08:58:54 +00:00: DBG URL: https://dflow.topledger.xyz/transactions?wallet=8fdkaKYrnpfdyZ2gQkWF5vZxuhy1E2co8CibRiYuQhfm
2025-11-08 08:58:54 +00:00: DBG STATUS: 200
2025-11-08 08:58:55 +00:00: Telegram ok
2025-11-08 08:58:55 +00:00: DBG URL: https://dflow.topledger.xyz/transactions?wallet=8fdkaKYrnpfdyZ2gQkWF5vZxuhy1E2co8CibRiYuQhfm
2025-11-08 08:58:55 +00:00: DBG STATUS: 200
2025-11-08 08:58:56 +00:00: Telegram ok
2025-11-08 08:58:56 +00:00: DBG URL: https://dflow.topledger.xyz/transactions?wallet=8fdkaKYrnpfdyZ2gQkWF5vZxuhy1E2co8CibRiYuQhfm
2025-11-08 08:58:56 +00:00: DBG STATUS: 200
2025-11-08 08:58:57 +00:00: Telegram ok
2025-11-08 08:58:57 +00:00: DBG URL: https://dflow.topledger.xyz/transactions?wallet=8fdkaKYrnpfdyZ2gQkWF5vZxuhy1E2co8CibRiYuQhfm
2025-11-08 08:58:57 +00:00: DBG STATUS: 200
2025-11-08 08:58:58 +00:00: Telegram ok
2025-11-08 08:58:59 +00:00: DBG URL: https://dflow.topledger.xyz/transactions?wallet=8fdkaKYrnpfdyZ2gQkWF5vZxuhy1E2co8CibRiYuQhfm
2025-11-08 08:58:59 +00:00: DBG STATUS: 200
2025-11-08 08:58:59 +00:00: Telegram ok
2025-11-08 08:59:00 +00:00: DBG URL: https://dflow.topledger.xyz/transactions?wallet=8fdkaKYrnpfdyZ2gQkWF5vZxuhy1E2co8CibRiYuQhfm
2025-11-08 08:59:00 +00:00: DBG STATUS: 200
2025-11-08 08:59:00 +00:00: Telegram ok
2025-11-08 08:59:01 +00:00: DBG URL: https://dflow.topledger.xyz/transactions?wallet=8fdkaKYrnpfdyZ2gQkWF5vZxuhy1E2co8CibRiYuQhfm
2025-11-08 08:59:01 +00:00: DBG STATUS: 200
2025-11-08 08:59:01 +00:00: Telegram ok
2025-11-08 08:59:02 +00:00: DBG URL: https://dflow.topledger.xyz/transactions?wallet=8fdkaKYrnpfdyZ2gQkWF5vZxuhy1E2co8CibRiYuQhfm
2025-11-08 08:59:02 +00:00: DBG STATUS: 200
2025-11-08 08:59:02 +00:00: Telegram ok
2025-11-08 08:59:03 +00:00: DBG URL: https://dflow.topledger.xyz/transactions?wallet=8fdkaKYrnpfdyZ2gQkWF5vZxuhy1E2co8CibRiYuQhfm
2025-11-08 08:59:03 +00:00: DBG STATUS: 200
2025-11-08 08:59:03 +00:00: Telegram ok
2025-11-08 08:59:04 +00:00: DBG URL: https://dflow.topledger.xyz/transactions?wallet=8fdkaKYrnpfdyZ2gQkWF5vZxuhy1E2co8CibRiYuQhfm
2025-11-08 08:59:04 +00:00: DBG STATUS: 200
2025-11-08 08:59:04 +00:00: Telegram ok
2025-11-08 08:59:05 +00:00: DBG URL: https://dflow.topledger.xyz/transactions?wallet=8fdkaKYrnpfdyZ2gQkWF5vZxuhy1E2co8CibRiYuQhfm
2025-11-08 08:59:05 +00:00: DBG STATUS: 200
2025-11-08 08:59:06 +00:00: Telegram ok
2025-11-08 08:59:06 +00:00: DBG URL: https://dflow.topledger.xyz/transactions?wallet=8fdkaKYrnpfdyZ2gQkWF5vZxuhy1E2co8CibRiYuQhfm
2025-11-08 08:59:06 +00:00: DBG STATUS: 200
2025-11-08 08:59:07 +00:00: Telegram ok
2025-11-08 08:59:07 +00:00: DBG URL: https://dflow.topledger.xyz/transactions?wallet=8fdkaKYrnpfdyZ2gQkWF5vZxuhy1E2co8CibRiYuQhfm
2025-11-08 08:59:07 +00:00: DBG STATUS: 200
2025-11-08 08:59:08 +00:00: Telegram ok
2025-11-08 08:59:08 +00:00: DBG URL: https://dflow.topledger.xyz/transactions?wallet=8fdkaKYrnpfdyZ2gQkWF5vZxuhy1E2co8CibRiYuQhfm
2025-11-08 08:59:08 +00:00: DBG STATUS: 200
2025-11-08 08:59:09 +00:00: Telegram ok
2025-11-08 08:59:09 +00:00: DBG URL: https://dflow.topledger.xyz/transactions?wallet=8fdkaKYrnpfdyZ2gQkWF5vZxuhy1E2co8CibRiYuQhfm
2025-11-08 08:59:09 +00:00: DBG STATUS: 200
2025-11-08 08:59:10 +00:00: Telegram error: 429 {"ok":false,"error_code":429,"description":"Too Many Requests: retry after 38","parameters":{"retry_after":38}}
2025-11-08 08:59:10 +00:00: DBG URL: https://dflow.topledger.xyz/transactions?wallet=8fdkaKYrnpfdyZ2gQkWF5vZxuhy1E2co8CibRiYuQhfm
2025-11-08 08:59:10 +00:00: DBG STATUS: 200
2025-11-08 08:59:11 +00:00: Telegram error: 429 {"ok":false,"error_code":429,"description":"Too Many Requests: retry after 37","parameters":{"retry_after":37}}
2025-11-08 08:59:11 +00:00: DBG URL: https://dflow.topledger.xyz/transactions?wallet=8fdkaKYrnpfdyZ2gQkWF5vZxuhy1E2co8CibRiYuQhfm
2025-11-08 08:59:11 +00:00: DBG STATUS: 200
2025-11-08 08:59:12 +00:00: Telegram error: 429 {"ok":false,"error_code":429,"description":"Too Many Requests: retry after 36","parameters":{"retry_after":36}}
2025-11-08 08:59:12 +00:00: DBG URL: https://dflow.topledger.xyz/transactions?wallet=8fdkaKYrnpfdyZ2gQkWF5vZxuhy1E2co8CibRiYuQhfm
2025-11-08 08:59:12 +00:00: DBG STATUS: 200
2025-11-08 08:59:13 +00:00: Telegram error: 429 {"ok":false,"error_code":429,"description":"Too Many Requests: retry after 35","parameters":{"retry_after":35}}
2025-11-08 08:59:13 +00:00: DBG URL: https://dflow.topledger.xyz/transactions?wallet=8fdkaKYrnpfdyZ2gQkWF5vZxuhy1E2co8CibRiYuQhfm
2025-11-08 08:59:13 +00:00: DBG STATUS: 200
2025-11-08 08:59:14 +00:00: DBG URL: https://dflow.topledger.xyz/transactions?wallet=8fdkaKYrnpfdyZ2gQkWF5vZxuhy1E2co8CibRiYuQhfm
2025-11-08 08:59:14 +00:00: DBG STATUS: 200
2025-11-08 08:59:15 +00:00: Telegram error: 429 {"ok":false,"error_code":429,"description":"Too Many Requests: retry after 33","parameters":{"retry_after":33}}
2025-11-08 08:59:15 +00:00: DBG URL: https://dflow.topledger.xyz/transactions?wallet=8fdkaKYrnpfdyZ2gQkWF5vZxuhy1E2co8CibRiYuQhfm
2025-11-08 08:59:15 +00:00: DBG STATUS: 200
2025-11-08 08:59:16 +00:00: Telegram error: 429 {"ok":false,"error_code":429,"description":"Too Many Requests: retry after 32","parameters":{"retry_after":32}}
2025-11-08 08:59:16 +00:00: DBG URL: https://dflow.topledger.xyz/transactions?wallet=8fdkaKYrnpfdyZ2gQkWF5vZxuhy1E2co8CibRiYuQhfm
2025-11-08 08:59:16 +00:00: DBG STATUS: 200
2025-11-08 08:59:17 +00:00: Telegram error: 429 {"ok":false,"error_code":429,"description":"Too Many Requests: retry after 31","parameters":{"retry_after":31}}
2025-11-08 08:59:17 +00:00: DBG URL: https://dflow.topledger.xyz/transactions?wallet=8fdkaKYrnpfdyZ2gQkWF5vZxuhy1E2co8CibRiYuQhfm
2025-11-08 08:59:17 +00:00: DBG STATUS: 200
2025-11-08 08:59:18 +00:00: Telegram error: 429 {"ok":false,"error_code":429,"description":"Too Many Requests: retry after 30","parameters":{"retry_after":30}}
2025-11-08 08:59:18 +00:00: DBG URL: https://dflow.topledger.xyz/transactions?wallet=8fdkaKYrnpfdyZ2gQkWF5vZxuhy1E2co8CibRiYuQhfm
2025-11-08 08:59:18 +00:00: DBG STATUS: 200
2025-11-08 08:59:19 +00:00: Telegram error: 429 {"ok":false,"error_code":429,"description":"Too Many Requests: retry after 29","parameters":{"retry_after":29}}
2025-11-08 08:59:19 +00:00: DBG URL: https://dflow.topledger.xyz/transactions?wallet=8fdkaKYrnpfdyZ2gQkWF5vZxuhy1E2co8CibRiYuQhfm
2025-11-08 08:59:19 +00:00: DBG STATUS: 200
2025-11-08 08:59:20 +00:00: Telegram error: 429 {"ok":false,"error_code":429,"description":"Too Many Requests: retry after 28","parameters":{"retry_after":28}}
2025-11-08 08:59:20 +00:00: DBG URL: https://dflow.topledger.xyz/transactions?wallet=8fdkaKYrnpfdyZ2gQkWF5vZxuhy1E2co8CibRiYuQhfm
2025-11-08 08:59:20 +00:00: DBG STATUS: 200
2025-11-08 08:59:21 +00:00: Telegram error: 429 {"ok":false,"error_code":429,"description":"Too Many Requests: retry after 27","parameters":{"retry_after":27}}
2025-11-08 08:59:21 +00:00: DBG URL: https://dflow.topledger.xyz/transactions?wallet=8fdkaKYrnpfdyZ2gQkWF5vZxuhy1E2co8CibRiYuQhfm
2025-11-08 08:59:21 +00:00: DBG STATUS: 200
2025-11-08 08:59:22 +00:00: Telegram error: 429 {"ok":false,"error_code":429,"description":"Too Many Requests: retry after 26","parameters":{"retry_after":26}}
2025-11-08 08:59:22 +00:00: DBG URL: https://dflow.topledger.xyz/transactions?wallet=8fdkaKYrnpfdyZ2gQkWF5vZxuhy1E2co8CibRiYuQhfm
2025-11-08 08:59:22 +00:00: DBG STATUS: 200
2025-11-08 08:59:23 +00:00: Telegram error: 429 {"ok":false,"error_code":429,"description":"Too Many Requests: retry after 25","parameters":{"retry_after":25}}
2025-11-08 08:59:23 +00:00: DBG URL: https://dflow.topledger.xyz/transactions?wallet=8fdkaKYrnpfdyZ2gQkWF5vZxuhy1E2co8CibRiYuQhfm
2025-11-08 08:59:23 +00:00: DBG STATUS: 200
2025-11-08 08:59:24 +00:00: Telegram error: 429 {"ok":false,"error_code":429,"description":"Too Many Requests: retry after 24","parameters":{"retry_after":24}}
2025-11-08 08:59:24 +00:00: DBG URL: https://dflow.topledger.xyz/transactions?wallet=8fdkaKYrnpfdyZ2gQkWF5vZxuhy1E2co8CibRiYuQhfm
2025-11-08 08:59:24 +00:00: DBG STATUS: 200
2025-11-08 08:59:25 +00:00: Telegram error: 429 {"ok":false,"error_code":429,"description":"Too Many Requests: retry after 23","parameters":{"retry_after":23}}
2025-11-08 08:59:25 +00:00: DBG URL: https://dflow.topledger.xyz/transactions?wallet=8fdkaKYrnpfdyZ2gQkWF5vZxuhy1E2co8CibRiYuQhfm
2025-11-08 08:59:25 +00:00: DBG STATUS: 200
2025-11-08 08:59:26 +00:00: Telegram error: 429 {"ok":false,"error_code":429,"description":"Too Many Requests: retry after 22","parameters":{"retry_after":22}}
2025-11-08 08:59:26 +00:00: DBG URL: https://dflow.topledger.xyz/transactions?wallet=8fdkaKYrnpfdyZ2gQkWF5vZxuhy1E2co8CibRiYuQhfm
2025-11-08 08:59:26 +00:00: DBG STATUS: 200
2025-11-08 08:59:27 +00:00: Telegram error: 429 {"ok":false,"error_code":429,"description":"Too Many Requests: retry after 21","parameters":{"retry_after":21}}
2025-11-08 08:59:27 +00:00: DBG URL: https://dflow.topledger.xyz/transactions?wallet=8fdkaKYrnpfdyZ2gQkWF5vZxuhy1E2co8CibRiYuQhfm
2025-11-08 08:59:27 +00:00: DBG STATUS: 200
2025-11-08 08:59:28 +00:00: Telegram error: 429 {"ok":false,"error_code":429,"description":"Too Many Requests: retry after 20","parameters":{"retry_after":20}}
2025-11-08 08:59:28 +00:00: DBG URL: https://dflow.topledger.xyz/transactions?wallet=8fdkaKYrnpfdyZ2gQkWF5vZxuhy1E2co8CibRiYuQhfm
2025-11-08 08:59:28 +00:00: DBG STATUS: 200
2025-11-08 08:59:29 +00:00: Telegram error: 429 {"ok":false,"error_code":429,"description":"Too Many Requests: retry after 19","parameters":{"retry_after":19}}
2025-11-08 08:59:29 +00:00: DBG URL: https://dflow.topledger.xyz/transactions?wallet=8fdkaKYrnpfdyZ2gQkWF5vZxuhy1E2co8CibRiYuQhfm
2025-11-08 08:59:29 +00:00: DBG STATUS: 200
2025-11-08 08:59:30 +00:00: Telegram error: 429 {"ok":false,"error_code":429,"description":"Too Many Requests: retry after 18","parameters":{"retry_after":18}}
2025-11-08 08:59:30 +00:00: DBG URL: https://dflow.topledger.xyz/transactions?wallet=8fdkaKYrnpfdyZ2gQkWF5vZxuhy1E2co8CibRiYuQhfm
2025-11-08 08:59:30 +00:00: DBG STATUS: 200
2025-11-08 08:59:31 +00:00: Telegram error: 429 {"ok":false,"error_code":429,"description":"Too Many Requests: retry after 17","parameters":{"retry_after":17}}
2025-11-08 08:59:31 +00:00: DBG URL: https://dflow.topledger.xyz/transactions?wallet=8fdkaKYrnpfdyZ2gQkWF5vZxuhy1E2co8CibRiYuQhfm
2025-11-08 08:59:31 +00:00: DBG STATUS: 200
2025-11-08 08:59:32 +00:00: Telegram error: 429 {"ok":false,"error_code":429,"description":"Too Many Requests: retry after 16","parameters":{"retry_after":16}}
2025-11-08 08:59:32 +00:00: DBG URL: https://dflow.topledger.xyz/transactions?wallet=8fdkaKYrnpfdyZ2gQkWF5vZxuhy1E2co8CibRiYuQhfm
2025-11-08 08:59:32 +00:00: DBG STATUS: 200
2025-11-08 08:59:33 +00:00: Telegram error: 429 {"ok":false,"error_code":429,"description":"Too Many Requests: retry after 15","parameters":{"retry_after":15}}
2025-11-08 08:59:33 +00:00: DBG URL: https://dflow.topledger.xyz/transactions?wallet=8fdkaKYrnpfdyZ2gQkWF5vZxuhy1E2co8CibRiYuQhfm
2025-11-08 08:59:33 +00:00: DBG STATUS: 200
2025-11-08 08:59:34 +00:00: Telegram error: 429 {"ok":false,"error_code":429,"description":"Too Many Requests: retry after 14","parameters":{"retry_after":14}}
2025-11-08 08:59:34 +00:00: DBG URL: https://dflow.topledger.xyz/transactions?wallet=8fdkaKYrnpfdyZ2gQkWF5vZxuhy1E2co8CibRiYuQhfm
2025-11-08 08:59:34 +00:00: DBG STATUS: 200
2025-11-08 08:59:35 +00:00: Telegram error: 429 {"ok":false,"error_code":429,"description":"Too Many Requests: retry after 13","parameters":{"retry_after":13}}
2025-11-08 08:59:35 +00:00: DBG URL: https://dflow.topledger.xyz/transactions?wallet=8fdkaKYrnpfdyZ2gQkWF5vZxuhy1E2co8CibRiYuQhfm
2025-11-08 08:59:35 +00:00: DBG STATUS: 200
2025-11-08 08:59:36 +00:00: Telegram error: 429 {"ok":false,"error_code":429,"description":"Too Many Requests: retry after 12","parameters":{"retry_after":12}}
2025-11-08 08:59:36 +00:00: DBG URL: https://dflow.topledger.xyz/transactions?wallet=8fdkaKYrnpfdyZ2gQkWF5vZxuhy1E2co8CibRiYuQhfm
2025-11-08 08:59:36 +00:00: DBG STATUS: 200
2025-11-08 08:59:37 +00:00: Telegram error: 429 {"ok":false,"error_code":429,"description":"Too Many Requests: retry after 11","parameters":{"retry_after":11}}
2025-11-08 08:59:37 +00:00: DBG URL: https://dflow.topledger.xyz/transactions?wallet=8fdkaKYrnpfdyZ2gQkWF5vZxuhy1E2co8CibRiYuQhfm
2025-11-08 08:59:37 +00:00: DBG STATUS: 200
2025-11-08 08:59:38 +00:00: Telegram error: 429 {"ok":false,"error_code":429,"description":"Too Many Requests: retry after 10","parameters":{"retry_after":10}}
2025-11-08 08:59:38 +00:00: DBG URL: https://dflow.topledger.xyz/transactions?wallet=8fdkaKYrnpfdyZ2gQkWF5vZxuhy1E2co8CibRiYuQhfm
2025-11-08 08:59:38 +00:00: DBG STATUS: 200
2025-11-08 08:59:39 +00:00: Telegram error: 429 {"ok":false,"error_code":429,"description":"Too Many Requests: retry after 9","parameters":{"retry_after":9}}
2025-11-08 08:59:39 +00:00: DBG URL: https://dflow.topledger.xyz/transactions?wallet=8fdkaKYrnpfdyZ2gQkWF5vZxuhy1E2co8CibRiYuQhfm
2025-11-08 08:59:39 +00:00: DBG STATUS: 200
2025-11-08 08:59:48 +00:00: Telegram error: 429 {"ok":false,"error_code":429,"description":"Too Many Requests: retry after 3","parameters":{"retry_after":3}}
2025-11-08 08:59:48 +00:00: DBG URL: https://dflow.topledger.xyz/transactions?wallet=8fdkaKYrnpfdyZ2gQkWF5vZxuhy1E2co8CibRiYuQhfm
2025-11-08 08:59:48 +00:00: DBG STATUS: 200
2025-11-08 08:59:49 +00:00: Telegram ok
2025-11-08 08:59:50 +00:00: DBG URL: https://dflow.topledger.xyz/transactions?wallet=8fdkaKYrnpfdyZ2gQkWF5vZxuhy1E2co8CibRiYuQhfm
2025-11-08 08:59:50 +00:00: DBG STATUS: 200
2025-11-08 08:59:50 +00:00: Telegram ok
2025-11-08 08:59:51 +00:00: DBG URL: https://dflow.topledger.xyz/transactions?wallet=8fdkaKYrnpfdyZ2gQkWF5vZxuhy1E2co8CibRiYuQhfm
2025-11-08 08:59:51 +00:00: DBG STATUS: 200
2025-11-08 08:59:51 +00:00: Telegram ok
2025-11-08 08:59:52 +00:00: DBG URL: https://dflow.topledger.xyz/transactions?wallet=8fdkaKYrnpfdyZ2gQkWF5vZxuhy1E2co8CibRiYuQhfm
2025-11-08 08:59:52 +00:00: DBG STATUS: 200
2025-11-08 08:59:52 +00:00: Telegram ok
2025-11-08 08:59:53 +00:00: DBG URL: https://dflow.topledger.xyz/transactions?wallet=8fdkaKYrnpfdyZ2gQkWF5vZxuhy1E2co8CibRiYuQhfm
2025-11-08 08:59:53 +00:00: DBG STATUS: 200
2025-11-08 08:59:53 +00:00: Telegram ok
2025-11-08 08:59:54 +00:00: DBG URL: https://dflow.topledger.xyz/transactions?wallet=8fdkaKYrnpfdyZ2gQkWF5vZxuhy1E2co8CibRiYuQhfm
2025-11-08 08:59:54 +00:00: DBG STATUS: 200
2025-11-08 08:59:54 +00:00: Telegram ok
2025-11-08 08:59:55 +00:00: DBG URL: https://dflow.topledger.xyz/transactions?wallet=8fdkaKYrnpfdyZ2gQkWF5vZxuhy1E2co8CibRiYuQhfm
2025-11-08 08:59:55 +00:00: DBG STATUS: 200
2025-11-08 08:59:56 +00:00: Telegram ok
2025-11-08 08:59:56 +00:00: DBG URL: https://dflow.topledger.xyz/transactions?wallet=8fdkaKYrnpfdyZ2gQkWF5vZxuhy1E2co8CibRiYuQhfm
2025-11-08 08:59:56 +00:00: DBG STATUS: 200
2025-11-08 08:59:57 +00:00: Telegram ok
2025-11-08 08:59:57 +00:00: DBG URL: https://dflow.topledger.xyz/transactions?wallet=8fdkaKYrnpfdyZ2gQkWF5vZxuhy1E2co8CibRiYuQhfm
2025-11-08 08:59:57 +00:00: DBG STATUS: 200
2025-11-08 08:59:58 +00:00: Telegram ok
2025-11-08 08:59:58 +00:00: DBG URL: https://dflow.topledger.xyz/transactions?wallet=8fdkaKYrnpfdyZ2gQkWF5vZxuhy1E2co8CibRiYuQhfm
2025-11-08 08:59:58 +00:00: DBG STATUS: 200
2025-11-08 08:59:59 +00:00: Telegram ok
2025-11-08 09:00:00 +00:00: DBG URL: https://dflow.topledger.xyz/transactions?wallet=8fdkaKYrnpfdyZ2gQkWF5vZxuhy1E2co8CibRiYuQhfm
2025-11-08 09:00:00 +00:00: DBG STATUS: 200
2025-11-08 09:00:00 +00:00: Telegram ok
2025-11-08 09:00:01 +00:00: DBG URL: https://dflow.topledger.xyz/transactions?wallet=8fdkaKYrnpfdyZ2gQkWF5vZxuhy1E2co8CibRiYuQhfm
2025-11-08 09:00:01 +00:00: DBG STATUS: 200
2025-11-08 09:00:01 +00:00: Telegram ok
2025-11-08 09:00:02 +00:00: DBG URL: https://dflow.topledger.xyz/transactions?wallet=8fdkaKYrnpfdyZ2gQkWF5vZxuhy1E2co8CibRiYuQhfm
2025-11-08 09:00:02 +00:00: DBG STATUS: 200
2025-11-08 09:00:02 +00:00: Telegram ok
2025-11-08 09:00:03 +00:00: DBG URL: https://dflow.topledger.xyz/transactions?wallet=8fdkaKYrnpfdyZ2gQkWF5vZxuhy1E2co8CibRiYuQhfm
2025-11-08 09:00:03 +00:00: DBG STATUS: 200
2025-11-08 09:00:04 +00:00: Telegram ok
2025-11-08 09:00:04 +00:00: DBG URL: https://dflow.topledger.xyz/transactions?wallet=8fdkaKYrnpfdyZ2gQkWF5vZxuhy1E2co8CibRiYuQhfm
2025-11-08 09:00:04 +00:00: DBG STATUS: 200
2025-11-08 09:00:05 +00:00: Telegram ok
2025-11-08 09:00:05 +00:00: DBG URL: https://dflow.topledger.xyz/transactions?wallet=8fdkaKYrnpfdyZ2gQkWF5vZxuhy1E2co8CibRiYuQhfm
2025-11-08 09:00:05 +00:00: DBG STATUS: 200
2025-11-08 09:00:06 +00:00: Telegram ok
2025-11-08 09:00:06 +00:00: DBG URL: https://dflow.topledger.xyz/transactions?wallet=8fdkaKYrnpfdyZ2gQkWF5vZxuhy1E2co8CibRiYuQhfm
2025-11-08 09:00:06 +00:00: DBG STATUS: 200
2025-11-08 09:00:07 +00:00: Telegram ok
2025-11-08 09:00:07 +00:00: DBG URL: https://dflow.topledger.xyz/transactions?wallet=8fdkaKYrnpfdyZ2gQkWF5vZxuhy1E2co8CibRiYuQhfm
2025-11-08 09:00:07 +00:00: DBG STATUS: 200
2025-11-08 09:00:08 +00:00: Telegram ok
2025-11-08 09:00:09 +00:00: DBG URL: https://dflow.topledger.xyz/transactions?wallet=8fdkaKYrnpfdyZ2gQkWF5vZxuhy1E2co8CibRiYuQhfm
2025-11-08 09:00:09 +00:00: DBG STATUS: 200
2025-11-08 09:00:09 +00:00: Telegram ok
2025-11-08 09:00:10 +00:00: DBG URL: https://dflow.topledger.xyz/transactions?wallet=8fdkaKYrnpfdyZ2gQkWF5vZxuhy1E2co8CibRiYuQhfm
2025-11-08 09:00:10 +00:00: DBG STATUS: 200
2025-11-08 09:00:10 +00:00: Telegram ok
2025-11-08 09:00:11 +00:00: DBG URL: https://dflow.topledger.xyz/transactions?wallet=8fdkaKYrnpfdyZ2gQkWF5vZxuhy1E2co8CibRiYuQhfm
2025-11-08 09:00:11 +00:00: DBG STATUS: 200
2025-11-08 09:00:11 +00:00: Telegram error: 429 {"ok":false,"error_code":429,"description":"Too Many Requests: retry after 38","parameters":{"retry_after":38}}
2025-11-08 09:00:12 +00:00: DBG URL: https://dflow.topledger.xyz/transactions?wallet=8fdkaKYrnpfdyZ2gQkWF5vZxuhy1E2co8CibRiYuQhfm
2025-11-08 09:00:12 +00:00: DBG STATUS: 200
2025-11-08 09:01:51 +00:00: DBG URL: https://dflow.topledger.xyz/transactions?wallet=8fdkaKYrnpfdyZ2gQkWF5vZxuhy1E2co8CibRiYuQhfm
2025-11-08 09:01:51 +00:00: DBG STATUS: 200
2025-11-08 09:01:51 +00:00: Telegram ok
2025-11-08 09:05:00 +00:00: DBG URL: https://dflow.topledger.xyz/transactions?wallet=8fdkaKYrnpfdyZ2gQkWF5vZxuhy1E2co8CibRiYuQhfm
2025-11-08 09:05:00 +00:00: DBG STATUS: 200
2025-11-08 09:05:01 +00:00: Telegram ok
2025-11-08 09:10:00 +00:00: DBG URL: https://dflow.topledger.xyz/transactions?wallet=8fdkaKYrnpfdyZ2gQkWF5vZxuhy1E2co8CibRiYuQhfm
2025-11-08 09:10:00 +00:00: DBG STATUS: 200
2025-11-08 09:10:01 +00:00: Telegram ok
2025-11-08 09:13:13 +00:00: DBG URL: https://dflow.topledger.xyz/transactions?wallet=8fdkaKYrnpfdyZ2gQkWF5vZxuhy1E2co8CibRiYuQhfm
2025-11-08 09:13:13 +00:00: DBG STATUS: 200
2025-11-08 09:13:14 +00:00: Telegram ok
